[ 2016-03-22T13:58:03+08:00 ] ::1 /base/
INFO: [ app_init ] --START--
INFO: Run Behavior\BuildLiteBehavior [ RunTime:0.000034s ]
INFO: [ app_init ] --END-- [ RunTime:0.008281s ]
INFO: [ app_begin ] --START--
INFO: Run Behavior\ReadHtmlCacheBehavior [ RunTime:0.009297s ]
INFO: [ app_begin ] --END-- [ RunTime:0.009461s ]
NOTIC: [8192] mysql_connect(): The mysql extension is deprecated and will be removed in the future: use mysqli or PDO instead E:\cuci-svn\base\ThinkPHP\Library\Think\Session\Driver\Db.class.php 第 95 行.

[ 2016-03-22T13:58:03+08:00 ] ::1 /base/index.php/Admin/Index/login.shtml
INFO: [ app_init ] --START--
INFO: Run Behavior\BuildLiteBehavior [ RunTime:0.000041s ]
INFO: [ app_init ] --END-- [ RunTime:0.000784s ]
INFO: [ app_begin ] --START--
INFO: Run Behavior\ReadHtmlCacheBehavior [ RunTime:0.000651s ]
INFO: [ app_begin ] --END-- [ RunTime:0.000774s ]
NOTIC: [8192] mysql_connect(): The mysql extension is deprecated and will be removed in the future: use mysqli or PDO instead E:\cuci-svn\base\ThinkPHP\Library\Think\Session\Driver\Db.class.php 第 95 行.
INFO: [ view_parse ] --START--
INFO: [ template_filter ] --START--
INFO: Run Behavior\ContentReplaceBehavior [ RunTime:0.001152s ]
INFO: [ template_filter ] --END-- [ RunTime:0.001344s ]
INFO: Run Behavior\ParseTemplateBehavior [ RunTime:0.125172s ]
INFO: [ view_parse ] --END-- [ RunTime:0.125308s ]
INFO: [ view_filter ] --START--
INFO: Run Behavior\WriteHtmlCacheBehavior [ RunTime:0.007867s ]
INFO: [ view_filter ] --END-- [ RunTime:0.007993s ]
INFO: [ app_end ] --START--
INFO: Run Behavior\ShowPageTraceBehavior [ RunTime:0.005434s ]
INFO: [ app_end ] --END-- [ RunTime:0.005564s ]

