[ 2016-07-26T09:16:35+08:00 ] ::1 /base/Static/Resource/css/plugins/images/sort_both.png
INFO: [ app_init ] --START--
INFO: Run Behavior\BuildLiteBehavior [ RunTime:0.000038s ]
INFO: [ app_init ] --END-- [ RunTime:0.000870s ]
ERR: 无法加载模块:Static

[ 2016-07-26T09:17:54+08:00 ] ::1 /base/Static/Resource/css/plugins/images/sort_both.png
INFO: [ app_init ] --START--
INFO: Run Behavior\BuildLiteBehavior [ RunTime:0.000023s ]
INFO: [ app_init ] --END-- [ RunTime:0.000546s ]
ERR: 无法加载模块:Static

[ 2016-07-26T15:46:52+08:00 ] ::1 /base/Static/Resource/css/plugins/images/sort_both.png
INFO: [ app_init ] --START--
INFO: Run Behavior\BuildLiteBehavior [ RunTime:0.000022s ]
INFO: [ app_init ] --END-- [ RunTime:0.000527s ]
ERR: 无法加载模块:Static

[ 2016-07-26T21:45:46+08:00 ] ::1 /base/Static/Resource/css/plugins/images/sort_both.png
INFO: [ app_init ] --START--
INFO: Run Behavior\BuildLiteBehavior [ RunTime:0.000023s ]
INFO: [ app_init ] --END-- [ RunTime:0.000534s ]
ERR: 无法加载模块:Static

[ 2016-07-26T22:28:03+08:00 ] ::1 /base/Static/Resource/css/plugins/images/sort_both.png
INFO: [ app_init ] --START--
INFO: Run Behavior\BuildLiteBehavior [ RunTime:0.000037s ]
INFO: [ app_init ] --END-- [ RunTime:0.000929s ]
ERR: 无法加载模块:Static

