[ 2016-03-21T22:13:47+08:00 ] ::1 /base/Static/Resource/js/plugins/dataTables/skin/layer.css
INFO: [ app_init ] --START--
INFO: Run Behavior\BuildLiteBehavior [ RunTime:0.000041s ]
INFO: [ app_init ] --END-- [ RunTime:0.000923s ]
ERR: 无法加载模块:Static

[ 2016-03-21T22:13:47+08:00 ] ::1 /base/Static/Resource/css/plugins/images/sort_both.png
INFO: [ app_init ] --START--
INFO: Run Behavior\BuildLiteBehavior [ RunTime:0.000054s ]
INFO: [ app_init ] --END-- [ RunTime:0.001293s ]
ERR: 无法加载模块:Static

[ 2016-03-21T22:16:24+08:00 ] ::1 /base/Static/Resource/js/plugins/dataTables/skin/layer.css
INFO: [ app_init ] --START--
INFO: Run Behavior\BuildLiteBehavior [ RunTime:0.000026s ]
INFO: [ app_init ] --END-- [ RunTime:0.000710s ]
ERR: 无法加载模块:Static

[ 2016-03-21T22:19:36+08:00 ] ::1 /base/Static/Resource/js/plugins/dataTables/skin/layer.css
INFO: [ app_init ] --START--
INFO: Run Behavior\BuildLiteBehavior [ RunTime:0.000039s ]
INFO: [ app_init ] --END-- [ RunTime:0.000952s ]
ERR: 无法加载模块:Static

[ 2016-03-21T22:24:39+08:00 ] ::1 /base/Static/Resource/js/plugins/dataTables/skin/layer.css
INFO: [ app_init ] --START--
INFO: Run Behavior\BuildLiteBehavior [ RunTime:0.000045s ]
INFO: [ app_init ] --END-- [ RunTime:0.001005s ]
ERR: 无法加载模块:Static

[ 2016-03-21T22:38:23+08:00 ] ::1 /base/Static/Resource/js/plugins/dataTables/skin/layer.css
INFO: [ app_init ] --START--
INFO: Run Behavior\BuildLiteBehavior [ RunTime:0.000029s ]
INFO: [ app_init ] --END-- [ RunTime:0.000764s ]
ERR: 无法加载模块:Static

[ 2016-03-21T22:38:25+08:00 ] ::1 /base/Static/Resource/js/plugins/dataTables/skin/layer.css
INFO: [ app_init ] --START--
INFO: Run Behavior\BuildLiteBehavior [ RunTime:0.000023s ]
INFO: [ app_init ] --END-- [ RunTime:0.000617s ]
ERR: 无法加载模块:Static

[ 2016-03-21T22:57:50+08:00 ] ::1 /base/Static/Resource/js/plugins/dataTables/skin/layer.css
INFO: [ app_init ] --START--
INFO: Run Behavior\BuildLiteBehavior [ RunTime:0.000026s ]
INFO: [ app_init ] --END-- [ RunTime:0.000695s ]
ERR: 无法加载模块:Static

[ 2016-03-21T22:57:53+08:00 ] ::1 /base/Static/Resource/js/plugins/dataTables/skin/layer.css
INFO: [ app_init ] --START--
INFO: Run Behavior\BuildLiteBehavior [ RunTime:0.000043s ]
INFO: [ app_init ] --END-- [ RunTime:0.000894s ]
ERR: 无法加载模块:Static

[ 2016-03-21T22:58:27+08:00 ] ::1 /base/Static/Resource/js/plugins/dataTables/skin/layer.css
INFO: [ app_init ] --START--
INFO: Run Behavior\BuildLiteBehavior [ RunTime:0.000025s ]
INFO: [ app_init ] --END-- [ RunTime:0.000694s ]
ERR: 无法加载模块:Static

[ 2016-03-21T22:58:34+08:00 ] ::1 /base/Static/Resource/js/plugins/dataTables/skin/layer.css
INFO: [ app_init ] --START--
INFO: Run Behavior\BuildLiteBehavior [ RunTime:0.000060s ]
INFO: [ app_init ] --END-- [ RunTime:0.002172s ]
ERR: 无法加载模块:Static

[ 2016-03-21T22:59:11+08:00 ] ::1 /base/Static/Resource/js/plugins/dataTables/skin/layer.css
INFO: [ app_init ] --START--
INFO: Run Behavior\BuildLiteBehavior [ RunTime:0.000024s ]
INFO: [ app_init ] --END-- [ RunTime:0.000697s ]
ERR: 无法加载模块:Static

[ 2016-03-21T22:59:37+08:00 ] ::1 /base/Static/Resource/js/plugins/pace/skin/layer.css
INFO: [ app_init ] --START--
INFO: Run Behavior\BuildLiteBehavior [ RunTime:0.000039s ]
INFO: [ app_init ] --END-- [ RunTime:0.000806s ]
ERR: 无法加载模块:Static

[ 2016-03-21T23:01:50+08:00 ] ::1 /base/Static/Resource/js/plugins/pace/skin/layer.css
INFO: [ app_init ] --START--
INFO: Run Behavior\BuildLiteBehavior [ RunTime:0.000041s ]
INFO: [ app_init ] --END-- [ RunTime:0.001010s ]
ERR: 无法加载模块:Static

[ 2016-03-21T23:02:42+08:00 ] ::1 /base/Static/Resource/js/plugins/pace/skin/layer.css
INFO: [ app_init ] --START--
INFO: Run Behavior\BuildLiteBehavior [ RunTime:0.000027s ]
INFO: [ app_init ] --END-- [ RunTime:0.001054s ]
ERR: 无法加载模块:Static

[ 2016-03-21T23:19:14+08:00 ] ::1 /base/Static/Resource/js/plugins/pace/skin/layer.css
INFO: [ app_init ] --START--
INFO: Run Behavior\BuildLiteBehavior [ RunTime:0.000025s ]
INFO: [ app_init ] --END-- [ RunTime:0.000648s ]
ERR: 无法加载模块:Static

[ 2016-03-21T23:19:46+08:00 ] ::1 /base/Static/Resource/js/plugins/pace/skin/layer.css
INFO: [ app_init ] --START--
INFO: Run Behavior\BuildLiteBehavior [ RunTime:0.000040s ]
INFO: [ app_init ] --END-- [ RunTime:0.001010s ]
ERR: 无法加载模块:Static

[ 2016-03-21T23:21:58+08:00 ] ::1 /base/Static/Resource/js/plugins/pace/skin/layer.css
INFO: [ app_init ] --START--
INFO: Run Behavior\BuildLiteBehavior [ RunTime:0.000040s ]
INFO: [ app_init ] --END-- [ RunTime:0.000940s ]
ERR: 无法加载模块:Static

[ 2016-03-21T23:23:34+08:00 ] ::1 /base/Static/Resource/js/plugins/pace/skin/layer.css
INFO: [ app_init ] --START--
INFO: Run Behavior\BuildLiteBehavior [ RunTime:0.000026s ]
INFO: [ app_init ] --END-- [ RunTime:0.000658s ]
ERR: 无法加载模块:Static

[ 2016-03-21T23:23:43+08:00 ] ::1 /base/Static/Resource/js/plugins/pace/skin/layer.css
INFO: [ app_init ] --START--
INFO: Run Behavior\BuildLiteBehavior [ RunTime:0.000031s ]
INFO: [ app_init ] --END-- [ RunTime:0.002410s ]
ERR: 无法加载模块:Static

[ 2016-03-21T23:24:19+08:00 ] ::1 /base/Static/Resource/js/plugins/pace/skin/layer.css
INFO: [ app_init ] --START--
INFO: Run Behavior\BuildLiteBehavior [ RunTime:0.000025s ]
INFO: [ app_init ] --END-- [ RunTime:0.000862s ]
ERR: 无法加载模块:Static

[ 2016-03-21T23:24:39+08:00 ] ::1 /base/Static/Resource/js/plugins/pace/skin/layer.css
INFO: [ app_init ] --START--
INFO: Run Behavior\BuildLiteBehavior [ RunTime:0.000040s ]
INFO: [ app_init ] --END-- [ RunTime:0.000808s ]
ERR: 无法加载模块:Static

[ 2016-03-21T23:25:32+08:00 ] ::1 /base/Static/Resource/js/plugins/pace/skin/layer.css
INFO: [ app_init ] --START--
INFO: Run Behavior\BuildLiteBehavior [ RunTime:0.000025s ]
INFO: [ app_init ] --END-- [ RunTime:0.000568s ]
ERR: 无法加载模块:Static

[ 2016-03-21T23:29:28+08:00 ] ::1 /base/Static/Resource/js/plugins/pace/skin/layer.css
INFO: [ app_init ] --START--
INFO: Run Behavior\BuildLiteBehavior [ RunTime:0.000066s ]
INFO: [ app_init ] --END-- [ RunTime:0.003087s ]
ERR: 无法加载模块:Static

[ 2016-03-21T23:30:12+08:00 ] ::1 /base/Static/Resource/js/plugins/pace/skin/layer.css
INFO: [ app_init ] --START--
INFO: Run Behavior\BuildLiteBehavior [ RunTime:0.000027s ]
INFO: [ app_init ] --END-- [ RunTime:0.000783s ]
ERR: 无法加载模块:Static

[ 2016-03-21T23:31:06+08:00 ] ::1 /base/Static/Resource/js/plugins/pace/skin/layer.css
INFO: [ app_init ] --START--
INFO: Run Behavior\BuildLiteBehavior [ RunTime:0.000042s ]
INFO: [ app_init ] --END-- [ RunTime:0.000875s ]
ERR: 无法加载模块:Static

[ 2016-03-21T23:31:22+08:00 ] ::1 /base/Static/Resource/js/plugins/pace/skin/layer.css
INFO: [ app_init ] --START--
INFO: Run Behavior\BuildLiteBehavior [ RunTime:0.000037s ]
INFO: [ app_init ] --END-- [ RunTime:0.001015s ]
ERR: 无法加载模块:Static

[ 2016-03-21T23:33:20+08:00 ] ::1 /base/Static/Resource/js/plugins/pace/skin/layer.css
INFO: [ app_init ] --START--
INFO: Run Behavior\BuildLiteBehavior [ RunTime:0.000042s ]
INFO: [ app_init ] --END-- [ RunTime:0.000928s ]
ERR: 无法加载模块:Static

[ 2016-03-21T23:35:17+08:00 ] ::1 /base/Static/Resource/js/plugins/pace/skin/layer.css
INFO: [ app_init ] --START--
INFO: Run Behavior\BuildLiteBehavior [ RunTime:0.000043s ]
INFO: [ app_init ] --END-- [ RunTime:0.001407s ]
ERR: 无法加载模块:Static

[ 2016-03-21T23:36:07+08:00 ] ::1 /base/Static/Resource/js/plugins/pace/skin/layer.css
INFO: [ app_init ] --START--
INFO: Run Behavior\BuildLiteBehavior [ RunTime:0.000042s ]
INFO: [ app_init ] --END-- [ RunTime:0.000780s ]
ERR: 无法加载模块:Static

[ 2016-03-21T23:37:26+08:00 ] ::1 /base/Static/Resource/js/plugins/pace/skin/layer.css
INFO: [ app_init ] --START--
INFO: Run Behavior\BuildLiteBehavior [ RunTime:0.000026s ]
INFO: [ app_init ] --END-- [ RunTime:0.001593s ]
ERR: 无法加载模块:Static

